TN:
SF:src\app.ts
FN:16,(anonymous_1)
FN:23,(anonymous_2)
FN:24,(anonymous_3)
FNF:3
FNH:2
FNDA:0,(anonymous_1)
FNDA:1,(anonymous_2)
FNDA:1,(anonymous_3)
DA:2,1
DA:3,1
DA:4,1
DA:5,1
DA:6,1
DA:10,1
DA:12,1
DA:14,1
DA:16,1
DA:18,0
DA:21,1
DA:23,1
DA:24,1
LF:13
LH:12
BRDA:10,0,0,1
BRDA:10,0,1,0
BRF:2
BRH:1
end_of_record
TN:
SF:src\config\db.ts
FN:3,(anonymous_8)
FN:3,(anonymous_9)
FNF:2
FNH:2
FNDA:1,(anonymous_8)
FNDA:1,(anonymous_9)
DA:1,1
DA:3,1
DA:4,1
DA:5,1
DA:9,0
DA:10,0
DA:11,0
LF:7
LH:4
BRDA:5,0,0,1
BRDA:5,0,1,0
BRF:2
BRH:1
end_of_record
TN:
SF:src\config\mail.ts
FN:24,(anonymous_8)
FN:26,(anonymous_9)
FNF:2
FNH:2
FNDA:1,(anonymous_8)
FNDA:1,(anonymous_9)
DA:1,1
DA:4,1
DA:24,1
DA:26,1
DA:27,1
LF:5
LH:5
BRF:0
BRH:0
end_of_record
TN:
SF:src\controllers\otp.controller.ts
FN:8,(anonymous_14)
FN:8,(anonymous_15)
FN:49,(anonymous_16)
FN:104,(anonymous_17)
FN:141,(anonymous_18)
FN:141,(anonymous_19)
FNF:6
FNH:3
FNDA:1,(anonymous_14)
FNDA:1,(anonymous_15)
FNDA:0,(anonymous_16)
FNDA:1,(anonymous_17)
FNDA:0,(anonymous_18)
FNDA:0,(anonymous_19)
DA:1,1
DA:3,1
DA:4,1
DA:5,1
DA:8,1
DA:10,1
DA:11,1
DA:13,1
DA:15,1
DA:18,0
DA:20,0
DA:21,0
DA:22,0
DA:25,0
DA:32,0
DA:39,0
DA:47,0
DA:49,0
DA:50,0
DA:51,0
DA:58,0
DA:61,0
DA:62,0
DA:64,0
DA:72,0
DA:73,0
DA:75,0
DA:82,1
DA:85,1
DA:88,1
DA:95,1
DA:102,1
DA:104,1
DA:105,1
DA:106,0
DA:113,0
DA:116,1
DA:117,1
DA:119,1
DA:127,1
DA:130,0
DA:141,1
DA:142,0
DA:143,0
DA:146,0
DA:147,0
DA:149,0
DA:152,0
DA:158,0
DA:161,0
DA:162,0
DA:169,0
DA:175,0
DA:176,0
DA:177,0
DA:184,0
DA:190,0
DA:191,0
DA:193,0
DA:200,0
DA:201,0
DA:203,0
LF:62
LH:21
BRDA:15,0,0,0
BRDA:15,0,1,1
BRDA:47,1,0,0
BRDA:47,1,1,0
BRDA:50,2,0,0
BRDA:85,3,0,1
BRDA:85,3,1,0
BRDA:85,4,0,0
BRDA:85,4,1,1
BRDA:85,5,0,1
BRDA:85,5,1,1
BRDA:102,6,0,1
BRDA:102,6,1,0
BRDA:102,7,0,0
BRDA:102,7,1,1
BRDA:102,8,0,1
BRDA:102,8,1,1
BRDA:105,9,0,0
BRDA:147,10,0,0
BRDA:147,10,1,0
BRDA:147,11,0,0
BRDA:147,11,1,0
BRDA:147,12,0,0
BRDA:147,12,1,0
BRDA:161,13,0,0
BRDA:176,14,0,0
BRDA:176,15,0,0
BRDA:176,15,1,0
BRDA:176,16,0,0
BRDA:176,16,1,0
BRF:30
BRH:9
end_of_record
TN:
SF:src\routes\otp.Route.ts
FNF:0
FNH:0
DA:1,1
DA:2,1
DA:4,1
DA:6,1
DA:7,1
LF:5
LH:5
BRF:0
BRH:0
end_of_record
TN:
SF:src\schema\tempUserData.schema.ts
FNF:0
FNH:0
DA:1,1
DA:4,1
DA:14,1
LF:3
LH:3
BRF:0
BRH:0
end_of_record
TN:
SF:src\services\otp.services.ts
FN:6,(anonymous_7)
FN:6,(anonymous_8)
FN:15,(anonymous_9)
FN:15,(anonymous_10)
FN:27,(anonymous_11)
FN:27,(anonymous_12)
FN:35,(anonymous_13)
FN:35,(anonymous_14)
FN:42,(anonymous_15)
FN:42,(anonymous_16)
FNF:10
FNH:4
FNDA:0,(anonymous_7)
FNDA:0,(anonymous_8)
FNDA:1,(anonymous_9)
FNDA:1,(anonymous_10)
FNDA:1,(anonymous_11)
FNDA:1,(anonymous_12)
FNDA:0,(anonymous_13)
FNDA:0,(anonymous_14)
FNDA:0,(anonymous_15)
FNDA:0,(anonymous_16)
DA:3,1
DA:6,1
DA:7,0
DA:11,0
DA:15,1
DA:16,1
DA:18,1
DA:19,1
DA:20,1
DA:23,0
DA:27,1
DA:28,1
DA:30,1
DA:35,1
DA:36,0
DA:38,0
DA:42,1
DA:43,0
DA:48,0
LF:19
LH:12
BRDA:18,0,0,1
BRDA:18,0,1,0
BRDA:18,1,0,0
BRDA:18,1,1,1
BRDA:18,2,0,1
BRDA:18,2,1,1
BRDA:19,3,0,1
BRF:7
BRH:5
end_of_record
TN:
SF:src\tests\sum.ts
FN:1,(anonymous_0)
FNF:1
FNH:1
FNDA:1,(anonymous_0)
DA:1,1
DA:2,1
LF:2
LH:2
BRF:0
BRH:0
end_of_record
TN:
SF:src\utils\server.ts
FN:4,(anonymous_1)
FNF:1
FNH:1
FNDA:1,(anonymous_1)
DA:1,1
DA:4,1
DA:6,1
DA:8,1
DA:10,1
LF:5
LH:5
BRF:0
BRH:0
end_of_record
