{"C:\\Users\\Lenovo\\Documents\\GitHub\\totp_service\\src\\app.ts": {"path":"C:\\Users\\Lenovo\\Documents\\GitHub\\totp_service\\src\\app.ts","statementMap":{"0":{"start":{"line":2,"column":0},"end":{"line":2,"column":28}},"1":{"start":{"line":3,"column":0},"end":{"line":3,"column":47}},"2":{"start":{"line":4,"column":0},"end":{"line":4,"column":40}},"3":{"start":{"line":5,"column":0},"end":{"line":5,"column":44}},"4":{"start":{"line":6,"column":0},"end":{"line":6,"column":16}},"5":{"start":{"line":10,"column":13},"end":{"line":10,"column":37}},"6":{"start":{"line":12,"column":11},"end":{"line":12,"column":25}},"7":{"start":{"line":21,"column":8},"end":{"line":21,"column":11}},"8":{"start":{"line":14,"column":0},"end":{"line":14,"column":30}},"9":{"start":{"line":16,"column":0},"end":{"line":19,"column":null}},"10":{"start":{"line":18,"column":2},"end":{"line":18,"column":null}},"11":{"start":{"line":23,"column":0},"end":{"line":27,"column":3}},"12":{"start":{"line":24,"column":2},"end":{"line":26,"column":5}}},"fnMap":{"0":{"name":"(anonymous_1)","decl":{"start":{"line":16,"column":13},"end":{"line":16,"column":14}},"loc":{"start":{"line":16,"column":26},"end":{"line":19,"column":1}}},"1":{"name":"(anonymous_2)","decl":{"start":{"line":23,"column":17},"end":{"line":23,"column":20}},"loc":{"start":{"line":23,"column":22},"end":{"line":27,"column":1}}},"2":{"name":"(anonymous_3)","decl":{"start":{"line":24,"column":19},"end":{"line":24,"column":22}},"loc":{"start":{"line":24,"column":24},"end":{"line":26,"column":3}}}},"branchMap":{"0":{"loc":{"start":{"line":10,"column":13},"end":{"line":10,"column":37}},"type":"binary-expr","locations":[{"start":{"line":10,"column":13},"end":{"line":10,"column":29}},{"start":{"line":10,"column":33},"end":{"line":10,"column":37}}]}},"s":{"0":1,"1":1,"2":1,"3":1,"4":1,"5":1,"6":1,"7":1,"8":1,"9":1,"10":0,"11":1,"12":1},"f":{"0":0,"1":1,"2":1},"b":{"0":[1,0]}}
,"C:\\Users\\Lenovo\\Documents\\GitHub\\totp_service\\src\\config\\db.ts": {"path":"C:\\Users\\Lenovo\\Documents\\GitHub\\totp_service\\src\\config\\db.ts","statementMap":{"0":{"start":{"line":1,"column":0},"end":{"line":1,"column":32}},"1":{"start":{"line":3,"column":24},"end":{"line":13,"column":null}},"2":{"start":{"line":3,"column":34},"end":{"line":13,"column":null}},"3":{"start":{"line":4,"column":4},"end":{"line":12,"column":null}},"4":{"start":{"line":5,"column":21},"end":{"line":5,"column":72}},"5":{"start":{"line":9,"column":8},"end":{"line":9,"column":null}},"6":{"start":{"line":10,"column":8},"end":{"line":10,"column":null}},"7":{"start":{"line":11,"column":8},"end":{"line":11,"column":null}},"8":{"start":{"line":3,"column":13},"end":{"line":3,"column":24}}},"fnMap":{"0":{"name":"(anonymous_8)","decl":{"start":{"line":3,"column":24},"end":{"line":3,"column":32}},"loc":{"start":{"line":3,"column":34},"end":{"line":13,"column":null}}},"1":{"name":"(anonymous_9)","decl":{"start":{"line":3,"column":34},"end":{"line":3,"column":null}},"loc":{"start":{"line":3,"column":34},"end":{"line":13,"column":1}}}},"branchMap":{"0":{"loc":{"start":{"line":5,"column":44},"end":{"line":5,"column":71}},"type":"binary-expr","locations":[{"start":{"line":5,"column":44},"end":{"line":5,"column":65}},{"start":{"line":5,"column":69},"end":{"line":5,"column":71}}]}},"s":{"0":1,"1":1,"2":1,"3":1,"4":1,"5":0,"6":0,"7":0,"8":1},"f":{"0":1,"1":1},"b":{"0":[1,0]}}
,"C:\\Users\\Lenovo\\Documents\\GitHub\\totp_service\\src\\config\\mail.ts": {"path":"C:\\Users\\Lenovo\\Documents\\GitHub\\totp_service\\src\\config\\mail.ts","statementMap":{"0":{"start":{"line":1,"column":0},"end":{"line":1,"column":36}},"1":{"start":{"line":4,"column":13},"end":{"line":11,"column":3}},"2":{"start":{"line":24,"column":34},"end":{"line":32,"column":2}},"3":{"start":{"line":26,"column":4},"end":{"line":32,"column":2}},"4":{"start":{"line":27,"column":2},"end":{"line":31,"column":5}},"5":{"start":{"line":24,"column":13},"end":{"line":24,"column":34}}},"fnMap":{"0":{"name":"(anonymous_8)","decl":{"start":{"line":24,"column":34},"end":{"line":24,"column":null}},"loc":{"start":{"line":26,"column":4},"end":{"line":32,"column":2}}},"1":{"name":"(anonymous_9)","decl":{"start":{"line":26,"column":4},"end":{"line":26,"column":null}},"loc":{"start":{"line":26,"column":4},"end":{"line":32,"column":1}}}},"branchMap":{},"s":{"0":1,"1":1,"2":1,"3":1,"4":1,"5":1},"f":{"0":1,"1":1},"b":{}}
,"C:\\Users\\Lenovo\\Documents\\GitHub\\totp_service\\src\\controllers\\otp.controller.ts": {"path":"C:\\Users\\Lenovo\\Documents\\GitHub\\totp_service\\src\\controllers\\otp.controller.ts","statementMap":{"0":{"start":{"line":1,"column":0},"end":{"line":1,"column":34}},"1":{"start":{"line":3,"column":0},"end":{"line":3,"column":56}},"2":{"start":{"line":4,"column":0},"end":{"line":4,"column":52}},"3":{"start":{"line":5,"column":0},"end":{"line":5,"column":28}},"4":{"start":{"line":8,"column":25},"end":{"line":138,"column":2}},"5":{"start":{"line":8,"column":63},"end":{"line":138,"column":2}},"6":{"start":{"line":10,"column":2},"end":{"line":137,"column":null}},"7":{"start":{"line":11,"column":29},"end":{"line":11,"column":37}},"8":{"start":{"line":13,"column":26},"end":{"line":13,"column":64}},"9":{"start":{"line":15,"column":4},"end":{"line":128,"column":8}},"10":{"start":{"line":18,"column":27},"end":{"line":18,"column":67}},"11":{"start":{"line":20,"column":24},"end":{"line":20,"column":43}},"12":{"start":{"line":21,"column":26},"end":{"line":21,"column":50}},"13":{"start":{"line":22,"column":6},"end":{"line":22,"column":58}},"14":{"start":{"line":25,"column":18},"end":{"line":29,"column":8}},"15":{"start":{"line":32,"column":32},"end":{"line":36,"column":8}},"16":{"start":{"line":39,"column":6},"end":{"line":44,"column":9}},"17":{"start":{"line":47,"column":18},"end":{"line":47,"column":48}},"18":{"start":{"line":49,"column":6},"end":{"line":74,"column":9}},"19":{"start":{"line":50,"column":8},"end":{"line":59,"column":null}},"20":{"start":{"line":51,"column":10},"end":{"line":57,"column":13}},"21":{"start":{"line":58,"column":10},"end":{"line":58,"column":17}},"22":{"start":{"line":61,"column":8},"end":{"line":61,"column":46}},"23":{"start":{"line":62,"column":8},"end":{"line":62,"column":55}},"24":{"start":{"line":64,"column":8},"end":{"line":71,"column":11}},"25":{"start":{"line":72,"column":8},"end":{"line":72,"column":73}},"26":{"start":{"line":73,"column":8},"end":{"line":73,"column":15}},"27":{"start":{"line":75,"column":6},"end":{"line":75,"column":13}},"28":{"start":{"line":82,"column":21},"end":{"line":82,"column":57}},"29":{"start":{"line":85,"column":26},"end":{"line":85,"column":51}},"30":{"start":{"line":88,"column":16},"end":{"line":92,"column":6}},"31":{"start":{"line":95,"column":30},"end":{"line":99,"column":6}},"32":{"start":{"line":102,"column":16},"end":{"line":102,"column":43}},"33":{"start":{"line":104,"column":4},"end":{"line":128,"column":7}},"34":{"start":{"line":105,"column":6},"end":{"line":114,"column":null}},"35":{"start":{"line":106,"column":8},"end":{"line":112,"column":11}},"36":{"start":{"line":113,"column":8},"end":{"line":113,"column":15}},"37":{"start":{"line":116,"column":6},"end":{"line":116,"column":44}},"38":{"start":{"line":117,"column":6},"end":{"line":117,"column":53}},"39":{"start":{"line":119,"column":6},"end":{"line":126,"column":9}},"40":{"start":{"line":127,"column":6},"end":{"line":127,"column":71}},"41":{"start":{"line":130,"column":4},"end":{"line":136,"column":7}},"42":{"start":{"line":8,"column":13},"end":{"line":8,"column":25}},"43":{"start":{"line":141,"column":27},"end":{"line":211,"column":2}},"44":{"start":{"line":141,"column":65},"end":{"line":211,"column":2}},"45":{"start":{"line":142,"column":2},"end":{"line":210,"column":null}},"46":{"start":{"line":143,"column":18},"end":{"line":143,"column":32}},"47":{"start":{"line":146,"column":25},"end":{"line":146,"column":61}},"48":{"start":{"line":147,"column":22},"end":{"line":147,"column":51}},"49":{"start":{"line":149,"column":4},"end":{"line":149,"column":78}},"50":{"start":{"line":152,"column":18},"end":{"line":157,"column":6}},"51":{"start":{"line":158,"column":4},"end":{"line":158,"column":64}},"52":{"start":{"line":161,"column":4},"end":{"line":170,"column":null}},"53":{"start":{"line":162,"column":6},"end":{"line":168,"column":9}},"54":{"start":{"line":169,"column":6},"end":{"line":169,"column":13}},"55":{"start":{"line":175,"column":18},"end":{"line":175,"column":52}},"56":{"start":{"line":176,"column":4},"end":{"line":185,"column":null}},"57":{"start":{"line":177,"column":6},"end":{"line":183,"column":9}},"58":{"start":{"line":184,"column":6},"end":{"line":184,"column":13}},"59":{"start":{"line":190,"column":17},"end":{"line":190,"column":21}},"60":{"start":{"line":191,"column":4},"end":{"line":191,"column":46}},"61":{"start":{"line":193,"column":4},"end":{"line":198,"column":7}},"62":{"start":{"line":200,"column":4},"end":{"line":200,"column":59}},"63":{"start":{"line":201,"column":4},"end":{"line":201,"column":11}},"64":{"start":{"line":203,"column":4},"end":{"line":209,"column":7}},"65":{"start":{"line":141,"column":13},"end":{"line":141,"column":27}}},"fnMap":{"0":{"name":"(anonymous_14)","decl":{"start":{"line":8,"column":25},"end":{"line":8,"column":32}},"loc":{"start":{"line":8,"column":63},"end":{"line":138,"column":2}}},"1":{"name":"(anonymous_15)","decl":{"start":{"line":8,"column":63},"end":{"line":8,"column":null}},"loc":{"start":{"line":8,"column":63},"end":{"line":138,"column":1}}},"2":{"name":"(anonymous_16)","decl":{"start":{"line":49,"column":28},"end":{"line":49,"column":38}},"loc":{"start":{"line":49,"column":51},"end":{"line":74,"column":7}}},"3":{"name":"(anonymous_17)","decl":{"start":{"line":104,"column":26},"end":{"line":104,"column":36}},"loc":{"start":{"line":104,"column":49},"end":{"line":128,"column":5}}},"4":{"name":"(anonymous_18)","decl":{"start":{"line":141,"column":27},"end":{"line":141,"column":34}},"loc":{"start":{"line":141,"column":65},"end":{"line":211,"column":2}}},"5":{"name":"(anonymous_19)","decl":{"start":{"line":141,"column":65},"end":{"line":141,"column":null}},"loc":{"start":{"line":141,"column":65},"end":{"line":211,"column":1}}}},"branchMap":{"0":{"loc":{"start":{"line":15,"column":4},"end":{"line":128,"column":8}},"type":"if","locations":[{"start":{"line":15,"column":4},"end":{"line":128,"column":8}},{"start":{"line":78,"column":8},"end":{"line":128,"column":8}}]},"1":{"loc":{"start":{"line":47,"column":18},"end":{"line":47,"column":48}},"type":"binary-expr","locations":[{"start":{"line":47,"column":18},"end":{"line":47,"column":42}},{"start":{"line":47,"column":46},"end":{"line":47,"column":48}}]},"2":{"loc":{"start":{"line":50,"column":8},"end":{"line":59,"column":null}},"type":"if","locations":[{"start":{"line":50,"column":8},"end":{"line":59,"column":null}}]},"3":{"loc":{"start":{"line":85,"column":26},"end":{"line":85,"column":51}},"type":"binary-expr","locations":[{"start":{"line":85,"column":26},"end":{"line":85,"column":45}},{"start":{"line":85,"column":49},"end":{"line":85,"column":51}}]},"4":{"loc":{"start":{"line":85,"column":26},"end":{"line":85,"column":45}},"type":"cond-expr","locations":[{"start":{"line":85,"column":34},"end":{"line":85,"column":36}},{"start":{"line":85,"column":26},"end":{"line":85,"column":45}}]},"5":{"loc":{"start":{"line":85,"column":26},"end":{"line":85,"column":36}},"type":"binary-expr","locations":[{"start":{"line":85,"column":26},"end":{"line":85,"column":36}},{"start":{"line":85,"column":26},"end":{"line":85,"column":36}}]},"6":{"loc":{"start":{"line":102,"column":16},"end":{"line":102,"column":43}},"type":"binary-expr","locations":[{"start":{"line":102,"column":16},"end":{"line":102,"column":37}},{"start":{"line":102,"column":41},"end":{"line":102,"column":43}}]},"7":{"loc":{"start":{"line":102,"column":16},"end":{"line":102,"column":37}},"type":"cond-expr","locations":[{"start":{"line":102,"column":24},"end":{"line":102,"column":26}},{"start":{"line":102,"column":16},"end":{"line":102,"column":37}}]},"8":{"loc":{"start":{"line":102,"column":16},"end":{"line":102,"column":26}},"type":"binary-expr","locations":[{"start":{"line":102,"column":16},"end":{"line":102,"column":26}},{"start":{"line":102,"column":16},"end":{"line":102,"column":26}}]},"9":{"loc":{"start":{"line":105,"column":6},"end":{"line":114,"column":null}},"type":"if","locations":[{"start":{"line":105,"column":6},"end":{"line":114,"column":null}}]},"10":{"loc":{"start":{"line":147,"column":22},"end":{"line":147,"column":51}},"type":"binary-expr","locations":[{"start":{"line":147,"column":22},"end":{"line":147,"column":45}},{"start":{"line":147,"column":49},"end":{"line":147,"column":51}}]},"11":{"loc":{"start":{"line":147,"column":22},"end":{"line":147,"column":45}},"type":"cond-expr","locations":[{"start":{"line":147,"column":34},"end":{"line":147,"column":36}},{"start":{"line":147,"column":22},"end":{"line":147,"column":45}}]},"12":{"loc":{"start":{"line":147,"column":22},"end":{"line":147,"column":36}},"type":"binary-expr","locations":[{"start":{"line":147,"column":22},"end":{"line":147,"column":36}},{"start":{"line":147,"column":22},"end":{"line":147,"column":36}}]},"13":{"loc":{"start":{"line":161,"column":4},"end":{"line":170,"column":null}},"type":"if","locations":[{"start":{"line":161,"column":4},"end":{"line":170,"column":null}}]},"14":{"loc":{"start":{"line":176,"column":4},"end":{"line":185,"column":null}},"type":"if","locations":[{"start":{"line":176,"column":4},"end":{"line":185,"column":null}}]},"15":{"loc":{"start":{"line":176,"column":8},"end":{"line":176,"column":19}},"type":"cond-expr","locations":[{"start":{"line":176,"column":13},"end":{"line":176,"column":15}},{"start":{"line":176,"column":8},"end":{"line":176,"column":19}}]},"16":{"loc":{"start":{"line":176,"column":8},"end":{"line":176,"column":15}},"type":"binary-expr","locations":[{"start":{"line":176,"column":8},"end":{"line":176,"column":15}},{"start":{"line":176,"column":8},"end":{"line":176,"column":15}}]}},"s":{"0":1,"1":1,"2":1,"3":1,"4":1,"5":1,"6":1,"7":1,"8":1,"9":1,"10":0,"11":0,"12":0,"13":0,"14":0,"15":0,"16":0,"17":0,"18":0,"19":0,"20":0,"21":0,"22":0,"23":0,"24":0,"25":0,"26":0,"27":0,"28":1,"29":1,"30":1,"31":1,"32":1,"33":1,"34":1,"35":0,"36":0,"37":1,"38":1,"39":1,"40":1,"41":0,"42":1,"43":1,"44":0,"45":0,"46":0,"47":0,"48":0,"49":0,"50":0,"51":0,"52":0,"53":0,"54":0,"55":0,"56":0,"57":0,"58":0,"59":0,"60":0,"61":0,"62":0,"63":0,"64":0,"65":1},"f":{"0":1,"1":1,"2":0,"3":1,"4":0,"5":0},"b":{"0":[0,1],"1":[0,0],"2":[0],"3":[1,0],"4":[0,1],"5":[1,1],"6":[1,0],"7":[0,1],"8":[1,1],"9":[0],"10":[0,0],"11":[0,0],"12":[0,0],"13":[0],"14":[0],"15":[0,0],"16":[0,0]}}
,"C:\\Users\\Lenovo\\Documents\\GitHub\\totp_service\\src\\routes\\otp.Route.ts": {"path":"C:\\Users\\Lenovo\\Documents\\GitHub\\totp_service\\src\\routes\\otp.Route.ts","statementMap":{"0":{"start":{"line":1,"column":0},"end":{"line":1,"column":30}},"1":{"start":{"line":2,"column":0},"end":{"line":2,"column":63}},"2":{"start":{"line":4,"column":13},"end":{"line":4,"column":42}},"3":{"start":{"line":6,"column":0},"end":{"line":6,"column":54}},"4":{"start":{"line":7,"column":0},"end":{"line":7,"column":58}}},"fnMap":{},"branchMap":{},"s":{"0":1,"1":1,"2":1,"3":1,"4":1},"f":{},"b":{}}
,"C:\\Users\\Lenovo\\Documents\\GitHub\\totp_service\\src\\schema\\tempUserData.schema.ts": {"path":"C:\\Users\\Lenovo\\Documents\\GitHub\\totp_service\\src\\schema\\tempUserData.schema.ts","statementMap":{"0":{"start":{"line":1,"column":0},"end":{"line":1,"column":32}},"1":{"start":{"line":4,"column":19},"end":{"line":12,"column":2}},"2":{"start":{"line":14,"column":13},"end":{"line":17,"column":2}}},"fnMap":{},"branchMap":{},"s":{"0":1,"1":1,"2":1},"f":{},"b":{}}
,"C:\\Users\\Lenovo\\Documents\\GitHub\\totp_service\\src\\services\\otp.services.ts": {"path":"C:\\Users\\Lenovo\\Documents\\GitHub\\totp_service\\src\\services\\otp.services.ts","statementMap":{"0":{"start":{"line":3,"column":0},"end":{"line":3,"column":66}},"1":{"start":{"line":6,"column":25},"end":{"line":12,"column":2}},"2":{"start":{"line":6,"column":63},"end":{"line":12,"column":2}},"3":{"start":{"line":7,"column":19},"end":{"line":9,"column":null}},"4":{"start":{"line":11,"column":2},"end":{"line":11,"column":25}},"5":{"start":{"line":6,"column":13},"end":{"line":6,"column":25}},"6":{"start":{"line":15,"column":29},"end":{"line":24,"column":2}},"7":{"start":{"line":15,"column":53},"end":{"line":24,"column":2}},"8":{"start":{"line":16,"column":21},"end":{"line":16,"column":63}},"9":{"start":{"line":18,"column":20},"end":{"line":18,"column":43}},"10":{"start":{"line":19,"column":4},"end":{"line":21,"column":null}},"11":{"start":{"line":20,"column":6},"end":{"line":20,"column":18}},"12":{"start":{"line":23,"column":4},"end":{"line":23,"column":17}},"13":{"start":{"line":15,"column":13},"end":{"line":15,"column":29}},"14":{"start":{"line":27,"column":27},"end":{"line":31,"column":2}},"15":{"start":{"line":27,"column":51},"end":{"line":31,"column":2}},"16":{"start":{"line":28,"column":15},"end":{"line":28,"column":57}},"17":{"start":{"line":30,"column":2},"end":{"line":30,"column":14}},"18":{"start":{"line":27,"column":13},"end":{"line":27,"column":27}},"19":{"start":{"line":35,"column":25},"end":{"line":39,"column":2}},"20":{"start":{"line":35,"column":49},"end":{"line":39,"column":2}},"21":{"start":{"line":36,"column":16},"end":{"line":36,"column":58}},"22":{"start":{"line":38,"column":2},"end":{"line":38,"column":15}},"23":{"start":{"line":35,"column":13},"end":{"line":35,"column":25}},"24":{"start":{"line":42,"column":26},"end":{"line":49,"column":2}},"25":{"start":{"line":42,"column":65},"end":{"line":49,"column":2}},"26":{"start":{"line":43,"column":21},"end":{"line":46,"column":null}},"27":{"start":{"line":48,"column":2},"end":{"line":48,"column":20}},"28":{"start":{"line":42,"column":13},"end":{"line":42,"column":26}}},"fnMap":{"0":{"name":"(anonymous_7)","decl":{"start":{"line":6,"column":25},"end":{"line":6,"column":32}},"loc":{"start":{"line":6,"column":63},"end":{"line":12,"column":2}}},"1":{"name":"(anonymous_8)","decl":{"start":{"line":6,"column":63},"end":{"line":6,"column":null}},"loc":{"start":{"line":6,"column":63},"end":{"line":12,"column":1}}},"2":{"name":"(anonymous_9)","decl":{"start":{"line":15,"column":29},"end":{"line":15,"column":36}},"loc":{"start":{"line":15,"column":53},"end":{"line":24,"column":2}}},"3":{"name":"(anonymous_10)","decl":{"start":{"line":15,"column":53},"end":{"line":15,"column":null}},"loc":{"start":{"line":15,"column":53},"end":{"line":24,"column":1}}},"4":{"name":"(anonymous_11)","decl":{"start":{"line":27,"column":27},"end":{"line":27,"column":34}},"loc":{"start":{"line":27,"column":51},"end":{"line":31,"column":2}}},"5":{"name":"(anonymous_12)","decl":{"start":{"line":27,"column":51},"end":{"line":27,"column":null}},"loc":{"start":{"line":27,"column":51},"end":{"line":31,"column":1}}},"6":{"name":"(anonymous_13)","decl":{"start":{"line":35,"column":25},"end":{"line":35,"column":32}},"loc":{"start":{"line":35,"column":49},"end":{"line":39,"column":2}}},"7":{"name":"(anonymous_14)","decl":{"start":{"line":35,"column":49},"end":{"line":35,"column":null}},"loc":{"start":{"line":35,"column":49},"end":{"line":39,"column":1}}},"8":{"name":"(anonymous_15)","decl":{"start":{"line":42,"column":26},"end":{"line":42,"column":33}},"loc":{"start":{"line":42,"column":65},"end":{"line":49,"column":2}}},"9":{"name":"(anonymous_16)","decl":{"start":{"line":42,"column":65},"end":{"line":42,"column":null}},"loc":{"start":{"line":42,"column":65},"end":{"line":49,"column":1}}}},"branchMap":{"0":{"loc":{"start":{"line":18,"column":20},"end":{"line":18,"column":43}},"type":"binary-expr","locations":[{"start":{"line":18,"column":20},"end":{"line":18,"column":37}},{"start":{"line":18,"column":41},"end":{"line":18,"column":43}}]},"1":{"loc":{"start":{"line":18,"column":20},"end":{"line":18,"column":37}},"type":"cond-expr","locations":[{"start":{"line":18,"column":30},"end":{"line":18,"column":32}},{"start":{"line":18,"column":20},"end":{"line":18,"column":37}}]},"2":{"loc":{"start":{"line":18,"column":20},"end":{"line":18,"column":32}},"type":"binary-expr","locations":[{"start":{"line":18,"column":20},"end":{"line":18,"column":32}},{"start":{"line":18,"column":20},"end":{"line":18,"column":32}}]},"3":{"loc":{"start":{"line":19,"column":4},"end":{"line":21,"column":null}},"type":"if","locations":[{"start":{"line":19,"column":4},"end":{"line":21,"column":null}}]}},"s":{"0":1,"1":1,"2":0,"3":0,"4":0,"5":1,"6":1,"7":1,"8":1,"9":1,"10":1,"11":1,"12":0,"13":1,"14":1,"15":1,"16":1,"17":1,"18":1,"19":1,"20":0,"21":0,"22":0,"23":1,"24":1,"25":0,"26":0,"27":0,"28":1},"f":{"0":0,"1":0,"2":1,"3":1,"4":1,"5":1,"6":0,"7":0,"8":0,"9":0},"b":{"0":[1,0],"1":[0,1],"2":[1,1],"3":[1]}}
,"C:\\Users\\Lenovo\\Documents\\GitHub\\totp_service\\src\\tests\\sum.ts": {"path":"C:\\Users\\Lenovo\\Documents\\GitHub\\totp_service\\src\\tests\\sum.ts","statementMap":{"0":{"start":{"line":1,"column":17},"end":{"line":3,"column":3}},"1":{"start":{"line":2,"column":4},"end":{"line":2,"column":17}},"2":{"start":{"line":1,"column":13},"end":{"line":1,"column":17}}},"fnMap":{"0":{"name":"(anonymous_0)","decl":{"start":{"line":1,"column":17},"end":{"line":1,"column":18}},"loc":{"start":{"line":1,"column":39},"end":{"line":3,"column":3}}}},"branchMap":{},"s":{"0":1,"1":1,"2":1},"f":{"0":1},"b":{}}
,"C:\\Users\\Lenovo\\Documents\\GitHub\\totp_service\\src\\utils\\server.ts": {"path":"C:\\Users\\Lenovo\\Documents\\GitHub\\totp_service\\src\\utils\\server.ts","statementMap":{"0":{"start":{"line":1,"column":0},"end":{"line":1,"column":30}},"1":{"start":{"line":4,"column":26},"end":{"line":12,"column":1}},"2":{"start":{"line":6,"column":16},"end":{"line":6,"column":25}},"3":{"start":{"line":8,"column":4},"end":{"line":8,"column":28}},"4":{"start":{"line":10,"column":4},"end":{"line":10,"column":15}},"5":{"start":{"line":4,"column":13},"end":{"line":4,"column":26}}},"fnMap":{"0":{"name":"(anonymous_1)","decl":{"start":{"line":4,"column":26},"end":{"line":4,"column":28}},"loc":{"start":{"line":4,"column":30},"end":{"line":12,"column":1}}}},"branchMap":{},"s":{"0":1,"1":1,"2":1,"3":1,"4":1,"5":1},"f":{"0":1},"b":{}}
}
